<?xml version="1.0" encoding="UTF-8" ?>
<testsuite tests="40" failures="0" name="ru.lakhmanovsergey.CLI.CLIOptionsTest" time="0.306" errors="0" skipped="0">
  <properties>
[...]
</properties>
  <testcase classname="ru.lakhmanovsergey.CLI.CLIOptionsTest" name="testGetFile1" time="0.065"/>
  <testcase classname="ru.lakhmanovsergey.CLI.CLIOptionsTest" name="getDataTest[0: &lt;null&gt;\u002C &lt;null&gt;\u002C &lt;null&gt;\u002C &lt;null&gt;]" time="0.001"/>
  <testcase classname="ru.lakhmanovsergey.CLI.CLIOptionsTest" name="getDataTest[1: [-h]\u002C &lt;null&gt;\u002C &lt;null&gt;\u002C &lt;null&gt;]" time="0.009"/>
  <testcase classname="ru.lakhmanovsergey.CLI.CLIOptionsTest" name="getDataTest[2: [-d\u002C 13-05-2014\u002C -t\u002C 13-20-40]\u002C 2014-05-13\u002C &lt;null&gt;\u002C 13:20:40]" time="0"/>
  <testcase classname="ru.lakhmanovsergey.CLI.CLIOptionsTest" name="getDataTest[3: [-d\u002C 01-12-1538\u002C -t\u002C 11-00]\u002C 1538-12-01\u002C &lt;null&gt;\u002C 11:00]" time="0"/>
  <testcase classname="ru.lakhmanovsergey.CLI.CLIOptionsTest" name="getDataTest[4: [-d\u002C 31-05-1971\u002C -t\u002C 23-5-20]\u002C 1971-05-31\u002C &lt;null&gt;\u002C 23:05:20]" time="0"/>
  <testcase classname="ru.lakhmanovsergey.CLI.CLIOptionsTest" name="getDataTest[5: [-d\u002C 29-2-2016\u002C -t\u002C 00-30]\u002C 2016-02-29\u002C &lt;null&gt;\u002C 00:30]" time="0"/>
  <testcase classname="ru.lakhmanovsergey.CLI.CLIOptionsTest" name="getDataTest[6: [-f\u002C \/home\/lsp\/IdeaProjects\/CLIApp\/pom.xml]\u002C &lt;null&gt;\u002C \/home\/lsp\/IdeaProjects\/CLIApp\/pom.xml\u002C &lt;null&gt;]" time="0"/>
  <testcase classname="ru.lakhmanovsergey.CLI.CLIOptionsTest" name="getDataTest[7: [-f\u002C pom.xml]\u002C &lt;null&gt;\u002C \/home\/lsp\/IdeaProjects\/CLIApp\/pom.xml\u002C &lt;null&gt;]" time="0"/>
  <testcase classname="ru.lakhmanovsergey.CLI.CLIOptionsTest" name="getTimeTest[0: &lt;null&gt;\u002C &lt;null&gt;\u002C &lt;null&gt;\u002C &lt;null&gt;]" time="0.001"/>
  <testcase classname="ru.lakhmanovsergey.CLI.CLIOptionsTest" name="getTimeTest[1: [-h]\u002C &lt;null&gt;\u002C &lt;null&gt;\u002C &lt;null&gt;]" time="0"/>
  <testcase classname="ru.lakhmanovsergey.CLI.CLIOptionsTest" name="getTimeTest[2: [-d\u002C 13-05-2014\u002C -t\u002C 13-20-40]\u002C 2014-05-13\u002C &lt;null&gt;\u002C 13:20:40]" time="0.001"/>
  <testcase classname="ru.lakhmanovsergey.CLI.CLIOptionsTest" name="getTimeTest[3: [-d\u002C 01-12-1538\u002C -t\u002C 11-00]\u002C 1538-12-01\u002C &lt;null&gt;\u002C 11:00]" time="0"/>
  <testcase classname="ru.lakhmanovsergey.CLI.CLIOptionsTest" name="getTimeTest[4: [-d\u002C 31-05-1971\u002C -t\u002C 23-5-20]\u002C 1971-05-31\u002C &lt;null&gt;\u002C 23:05:20]" time="0.001"/>
  <testcase classname="ru.lakhmanovsergey.CLI.CLIOptionsTest" name="getTimeTest[5: [-d\u002C 29-2-2016\u002C -t\u002C 00-30]\u002C 2016-02-29\u002C &lt;null&gt;\u002C 00:30]" time="0"/>
  <testcase classname="ru.lakhmanovsergey.CLI.CLIOptionsTest" name="getTimeTest[6: [-f\u002C \/home\/lsp\/IdeaProjects\/CLIApp\/pom.xml]\u002C &lt;null&gt;\u002C \/home\/lsp\/IdeaProjects\/CLIApp\/pom.xml\u002C &lt;null&gt;]" time="0"/>
  <testcase classname="ru.lakhmanovsergey.CLI.CLIOptionsTest" name="getTimeTest[7: [-f\u002C pom.xml]\u002C &lt;null&gt;\u002C \/home\/lsp\/IdeaProjects\/CLIApp\/pom.xml\u002C &lt;null&gt;]" time="0"/>
  <testcase classname="ru.lakhmanovsergey.CLI.CLIOptionsTest" name="getFileTest[0: &lt;null&gt;\u002C &lt;null&gt;\u002C &lt;null&gt;\u002C &lt;null&gt;]" time="0"/>
  <testcase classname="ru.lakhmanovsergey.CLI.CLIOptionsTest" name="getFileTest[1: [-h]\u002C &lt;null&gt;\u002C &lt;null&gt;\u002C &lt;null&gt;]" time="0.001"/>
  <testcase classname="ru.lakhmanovsergey.CLI.CLIOptionsTest" name="getFileTest[2: [-d\u002C 13-05-2014\u002C -t\u002C 13-20-40]\u002C 2014-05-13\u002C &lt;null&gt;\u002C 13:20:40]" time="0"/>
  <testcase classname="ru.lakhmanovsergey.CLI.CLIOptionsTest" name="getFileTest[3: [-d\u002C 01-12-1538\u002C -t\u002C 11-00]\u002C 1538-12-01\u002C &lt;null&gt;\u002C 11:00]" time="0"/>
  <testcase classname="ru.lakhmanovsergey.CLI.CLIOptionsTest" name="getFileTest[4: [-d\u002C 31-05-1971\u002C -t\u002C 23-5-20]\u002C 1971-05-31\u002C &lt;null&gt;\u002C 23:05:20]" time="0"/>
  <testcase classname="ru.lakhmanovsergey.CLI.CLIOptionsTest" name="getFileTest[5: [-d\u002C 29-2-2016\u002C -t\u002C 00-30]\u002C 2016-02-29\u002C &lt;null&gt;\u002C 00:30]" time="0"/>
  <testcase classname="ru.lakhmanovsergey.CLI.CLIOptionsTest" name="getFileTest[6: [-f\u002C \/home\/lsp\/IdeaProjects\/CLIApp\/pom.xml]\u002C &lt;null&gt;\u002C \/home\/lsp\/IdeaProjects\/CLIApp\/pom.xml\u002C &lt;null&gt;]" time="0"/>
  <testcase classname="ru.lakhmanovsergey.CLI.CLIOptionsTest" name="getFileTest[7: [-f\u002C pom.xml]\u002C &lt;null&gt;\u002C \/home\/lsp\/IdeaProjects\/CLIApp\/pom.xml\u002C &lt;null&gt;]" time="0"/>
  <testcase classname="ru.lakhmanovsergey.CLI.CLIOptionsTest" name="testGetDataException[0: [-d\u002C 13-0]]" time="0"/>
  <testcase classname="ru.lakhmanovsergey.CLI.CLIOptionsTest" name="testGetDataException[1: [-d\u002C test]]" time="0"/>
  <testcase classname="ru.lakhmanovsergey.CLI.CLIOptionsTest" name="testGetDataException[2: [-d\u002C 65736457654]]" time="0"/>
  <testcase classname="ru.lakhmanovsergey.CLI.CLIOptionsTest" name="testGetDataException[3: [-d\u002C 15-58-2015]]" time="0.001"/>
  <testcase classname="ru.lakhmanovsergey.CLI.CLIOptionsTest" name="testGetDataException[4: [-d\u002C 13.11.2018]]" time="0.001"/>
  <testcase classname="ru.lakhmanovsergey.CLI.CLIOptionsTest" name="testGetDataException[5: [-d\u002C 31-04-2014]]" time="0"/>
  <testcase classname="ru.lakhmanovsergey.CLI.CLIOptionsTest" name="testGetDataException[6: [-d\u002C 29-02-2013]]" time="0.001"/>
  <testcase classname="ru.lakhmanovsergey.CLI.CLIOptionsTest" name="testGetDataException[7: [-f\u002C blablabla]]" time="0.011"/>
  <testcase classname="ru.lakhmanovsergey.CLI.CLIOptionsTest" name="testGetDataException[8: [-f\u002C &amp;65*%]]" time="0"/>
  <testcase classname="ru.lakhmanovsergey.CLI.CLIOptionsTest" name="testGetDataException[9: [-f\u002C ggffdd kkkl;ll]]" time="0"/>
  <testcase classname="ru.lakhmanovsergey.CLI.CLIOptionsTest" name="testGetDataException[10: [-f\u002C test]]" time="0"/>
  <testcase classname="ru.lakhmanovsergey.CLI.CLIOptionsTest" name="testGetDataException[11: [-t\u002C test]]" time="0.001"/>
  <testcase classname="ru.lakhmanovsergey.CLI.CLIOptionsTest" name="testGetDataException[12: [-t\u002C 38-11-40]]" time="0"/>
  <testcase classname="ru.lakhmanovsergey.CLI.CLIOptionsTest" name="testGetDataException[13: [-t\u002C 23-72]]" time="0"/>
  <testcase classname="ru.lakhmanovsergey.CLI.CLIOptionsTest" name="testGetDataException[14: [-t\u002C 10-55-77]]" time="0.001"/>
</testsuite>